#
# There is insufficient memory for the Java Runtime Environment to continue.
# Native memory allocation (malloc) failed to allocate 2097152 bytes for AllocateHeap
# Possible reasons:
#   The system is out of physical RAM or swap space
#   The process is running with CompressedOops enabled, and the Java Heap may be blocking the growth of the native heap
# Possible solutions:
#   Reduce memory load on the system
#   Increase physical memory or swap space
#   Check if swap backing store is full
#   Decrease Java heap size (-Xmx/-Xms)
#   Decrease number of Java threads
#   Decrease Java thread stack sizes (-Xss)
#   Set larger code cache with -XX:ReservedCodeCacheSize=
#   JVM is running with Unscaled Compressed Oops mode in which the Java heap is
#     placed in the first 4GB address space. The Java Heap base address is the
#     maximum limit for the native heap growth. Please use -XX:HeapBaseMinAddress
#     to set the Java Heap base and to place the Java Heap above 4GB virtual address.
# This output file may be truncated or incomplete.
#
#  Out of Memory Error (allocation.cpp:44), pid=12136, tid=7700
#
# JRE version: OpenJDK Runtime Environment Temurin-17.0.3+7 (17.0.3+7) (build 17.0.3+7)
# Java VM: OpenJDK 64-Bit Server VM Temurin-17.0.3+7 (17.0.3+7, mixed mode, emulated-client, tiered, compressed oops, compressed class ptrs, g1 gc, windows-amd64)
# No core dump will be written. Minidumps are not enabled by default on client versions of Windows
#

---------------  S U M M A R Y ------------

Command Line: -Dsts.lsp.client=vscode -Dsts.log.file=/dev/null -XX:TieredStopAtLevel=1 -Dspring.config.location=file:c:\Users\MND PC\.vscode\extensions\pivotal.vscode-spring-boot-1.38.0\language-server\BOOT-INF\classes\application.properties org.springframework.ide.vscode.boot.app.BootLanguageServerBootApp

Host: Intel(R) Core(TM) i5-3337U CPU @ 1.80GHz, 4 cores, 7G,  Windows 10 , 64 bit Build 19041 (10.0.19041.1889)
Time: Tue Aug 23 14:58:42 2022 SE Asia Standard Time elapsed time: 2756.882610 seconds (0d 0h 45m 56s)

---------------  T H R E A D  ---------------

Current thread (0x000001cb3bc6ec60):  VMThread "VM Thread" [stack: 0x0000005c5dd00000,0x0000005c5de00000] [id=7700]

Stack: [0x0000005c5dd00000,0x0000005c5de00000]
Native frames: (J=compiled Java code, j=interpreted, Vv=VM code, C=native code)
V  [jvm.dll+0x675efa]
V  [jvm.dll+0x830a24]
V  [jvm.dll+0x8321ce]
V  [jvm.dll+0x832833]
V  [jvm.dll+0x2454b5]
V  [jvm.dll+0xa6393]
V  [jvm.dll+0x2f5651]
V  [jvm.dll+0x2f12d0]
V  [jvm.dll+0x2d99b7]
V  [jvm.dll+0x31cac7]
V  [jvm.dll+0x836cdb]
V  [jvm.dll+0x837a14]
V  [jvm.dll+0x837f2c]
V  [jvm.dll+0x838304]
V  [jvm.dll+0x8383d0]
V  [jvm.dll+0x7e0cfa]
V  [jvm.dll+0x674d85]
C  [ucrtbase.dll+0x21bb2]
C  [KERNEL32.DLL+0x17034]
C  [ntdll.dll+0x52651]

VM_Operation (0x0000005c5effefc0): G1CollectFull, mode: safepoint, requested by thread 0x000001cb3c9876a0


---------------  P R O C E S S  ---------------

Threads class SMR info:
_java_thread_list=0x000001cb3ea9e310, length=21, elements={
0x000001cb3bc87750, 0x000001cb3bc884d0, 0x000001cb3bcbe130, 0x000001cb3bcc0f00,
0x000001cb3bcc17c0, 0x000001cb3bcc2080, 0x000001cb3bcc29f0, 0x000001cb3c809890,
0x000001cb3c9faad0, 0x000001cb3ca17010, 0x000001cb3c9876a0, 0x000001cb3e4a22e0,
0x000001cb2f0f40d0, 0x000001cb3e4fc560, 0x000001cb3ce81350, 0x000001cb3ce81820,
0x000001cb3ce81cf0, 0x000001cb3ce821c0, 0x000001cb3ce83500, 0x000001cb3ce82690,
0x000001cb3ce82b60
}

Java Threads: ( => current thread )
  0x000001cb3bc87750 JavaThread "Reference Handler" daemon [_thread_blocked, id=4592, stack(0x0000005c5de00000,0x0000005c5df00000)]
  0x000001cb3bc884d0 JavaThread "Finalizer" daemon [_thread_blocked, id=15900, stack(0x0000005c5df00000,0x0000005c5e000000)]
  0x000001cb3bcbe130 JavaThread "Signal Dispatcher" daemon [_thread_blocked, id=14016, stack(0x0000005c5e000000,0x0000005c5e100000)]
  0x000001cb3bcc0f00 JavaThread "Attach Listener" daemon [_thread_blocked, id=8348, stack(0x0000005c5e100000,0x0000005c5e200000)]
  0x000001cb3bcc17c0 JavaThread "Service Thread" daemon [_thread_blocked, id=1040, stack(0x0000005c5e200000,0x0000005c5e300000)]
  0x000001cb3bcc2080 JavaThread "Monitor Deflation Thread" daemon [_thread_blocked, id=17172, stack(0x0000005c5e300000,0x0000005c5e400000)]
  0x000001cb3bcc29f0 JavaThread "C1 CompilerThread0" daemon [_thread_blocked, id=124, stack(0x0000005c5e400000,0x0000005c5e500000)]
  0x000001cb3c809890 JavaThread "Sweeper thread" daemon [_thread_blocked, id=15896, stack(0x0000005c5e500000,0x0000005c5e600000)]
  0x000001cb3c9faad0 JavaThread "Notification Thread" daemon [_thread_blocked, id=16120, stack(0x0000005c5e600000,0x0000005c5e700000)]
  0x000001cb3ca17010 JavaThread "Common-Cleaner" daemon [_thread_blocked, id=5668, stack(0x0000005c5e800000,0x0000005c5e900000)]
  0x000001cb3c9876a0 JavaThread "pool-7-thread-1" [_thread_blocked, id=6376, stack(0x0000005c5ef00000,0x0000005c5f000000)]
  0x000001cb3e4a22e0 JavaThread "LanguageServerApp-lifecycle" [_thread_blocked, id=16304, stack(0x0000005c5f000000,0x0000005c5f100000)]
  0x000001cb2f0f40d0 JavaThread "DestroyJavaVM" [_thread_blocked, id=14920, stack(0x0000005c5d700000,0x0000005c5d800000)]
  0x000001cb3e4fc560 JavaThread "pool-8-thread-1" [_thread_in_native, id=2836, stack(0x0000005c5f100000,0x0000005c5f200000)]
  0x000001cb3ce81350 JavaThread "Simple-Language-Server main thread" daemon [_thread_blocked, id=4432, stack(0x0000005c5ee00000,0x0000005c5ef00000)]
  0x000001cb3ce81820 JavaThread "pool-5-thread-1" [_thread_blocked, id=10896, stack(0x0000005c5fa00000,0x0000005c5fb00000)]
  0x000001cb3ce81cf0 JavaThread "parallel-1" daemon [_thread_blocked, id=11676, stack(0x0000005c5fb00000,0x0000005c5fc00000)]
  0x000001cb3ce821c0 JavaThread "parallel-2" daemon [_thread_blocked, id=14388, stack(0x0000005c5fc00000,0x0000005c5fd00000)]
  0x000001cb3ce83500 JavaThread "parallel-3" daemon [_thread_blocked, id=1684, stack(0x0000005c5fd00000,0x0000005c5fe00000)]
  0x000001cb3ce82690 JavaThread "parallel-4" daemon [_thread_blocked, id=10180, stack(0x0000005c5fe00000,0x0000005c5ff00000)]
  0x000001cb3ce82b60 JavaThread "Reconciler-1" daemon [_thread_blocked, id=9308, stack(0x0000005c5ff00000,0x0000005c60000000)]

Other Threads:
=>0x000001cb3bc6ec60 VMThread "VM Thread" [stack: 0x0000005c5dd00000,0x0000005c5de00000] [id=7700]
  0x000001cb3c9fcfb0 WatcherThread [stack: 0x0000005c5e700000,0x0000005c5e800000] [id=13108]
  0x000001cb2f151b20 GCTaskThread "GC Thread#0" [stack: 0x0000005c5d800000,0x0000005c5d900000] [id=11848]
  0x000001cb3d23e3d0 GCTaskThread "GC Thread#1" [stack: 0x0000005c5ea00000,0x0000005c5eb00000] [id=3272]
  0x000001cb3d23e680 GCTaskThread "GC Thread#2" [stack: 0x0000005c5eb00000,0x0000005c5ec00000] [id=15632]
  0x000001cb3d366440 GCTaskThread "GC Thread#3" [stack: 0x0000005c5ed00000,0x0000005c5ee00000] [id=17180]
  0x000001cb2f1625f0 ConcurrentGCThread "G1 Main Marker" [stack: 0x0000005c5d900000,0x0000005c5da00000] [id=4076]
  0x000001cb2f163f20 ConcurrentGCThread "G1 Conc#0" [stack: 0x0000005c5da00000,0x0000005c5db00000] [id=4992]
  0x000001cb2f1c8160 ConcurrentGCThread "G1 Refine#0" [stack: 0x0000005c5db00000,0x0000005c5dc00000] [id=11824]
  0x000001cb3e12d910 ConcurrentGCThread "G1 Refine#1" [stack: 0x0000005c60000000,0x0000005c60100000] [id=13120]
  0x000001cb3d1372c0 ConcurrentGCThread "G1 Refine#2" [stack: 0x0000005c60300000,0x0000005c60400000] [id=16072]
  0x000001cb2f1c8a90 ConcurrentGCThread "G1 Service" [stack: 0x0000005c5dc00000,0x0000005c5dd00000] [id=3372]

Threads with active compile tasks:

VM state: at safepoint (normal execution)

VM Mutex/Monitor currently owned by a thread:  ([mutex/lock_event])
[0x000001cb2cf56e20] Threads_lock - owner thread: 0x000001cb3bc6ec60
[0x000001cb2f0f08f0] Heap_lock - owner thread: 0x000001cb3c9876a0

Heap address: 0x0000000081c00000, size: 2020 MB, Compressed Oops mode: 32-bit

CDS archive(s) not mapped
Compressed class space mapped at: 0x0000000100000000-0x0000000140000000, reserved size: 1073741824
Narrow klass base: 0x0000000000000000, Narrow klass shift: 3, Narrow klass range: 0x140000000

GC Precious Log:
 CPUs: 4 total, 4 available
 Memory: 8077M
 Large Page Support: Disabled
 NUMA Support: Disabled
 Compressed Oops: Enabled (32-bit)
 Heap Region Size: 1M
 Heap Min Capacity: 8M
 Heap Initial Capacity: 128M
 Heap Max Capacity: 2020M
 Pre-touch: Disabled
 Parallel Workers: 4
 Concurrent Workers: 1
 Concurrent Refinement Workers: 4
 Periodic GC: Disabled

Heap:
 garbage-first heap   total 78848K, used 23184K [0x0000000081c00000, 0x0000000100000000)
  region size 1024K, 1 young (1024K), 0 survivors (0K)
 Metaspace       used 41735K, committed 42176K, reserved 1089536K
  class space    used 5823K, committed 6016K, reserved 1048576K

Heap Regions: E=young(eden), S=young(survivor), O=old, HS=humongous(starts), HC=humongous(continues), CS=collection set, F=free, OA=open archive, CA=closed archive, TAMS=top-at-mark-start (previous, next)
|   0|0x0000000081c00000, 0x0000000081d00000, 0x0000000081d00000|100%| O|  |TAMS 0x0000000081d00000, 0x0000000081c00000| Untracked 
|   1|0x0000000081d00000, 0x0000000081dffff8, 0x0000000081e00000| 99%| O|  |TAMS 0x0000000081dffff8, 0x0000000081d00000| Untracked 
|   2|0x0000000081e00000, 0x0000000081f00000, 0x0000000081f00000|100%| O|  |TAMS 0x0000000081f00000, 0x0000000081e00000| Untracked 
|   3|0x0000000081f00000, 0x0000000081ffffe8, 0x0000000082000000| 99%| O|  |TAMS 0x0000000081ffffe8, 0x0000000081f00000| Untracked 
|   4|0x0000000082000000, 0x00000000820fffc8, 0x0000000082100000| 99%| O|  |TAMS 0x00000000820fffc8, 0x0000000082000000| Untracked 
|   5|0x0000000082100000, 0x0000000082200000, 0x0000000082200000|100%| O|  |TAMS 0x0000000082200000, 0x0000000082100000| Untracked 
|   6|0x0000000082200000, 0x00000000822ffff8, 0x0000000082300000| 99%| O|  |TAMS 0x00000000822ffff8, 0x0000000082200000| Untracked 
|   7|0x0000000082300000, 0x00000000823ffff0, 0x0000000082400000| 99%| O|  |TAMS 0x00000000823ffff0, 0x0000000082300000| Untracked 
|   8|0x0000000082400000, 0x00000000824fffd8, 0x0000000082500000| 99%| O|  |TAMS 0x00000000824fffd8, 0x0000000082400000| Untracked 
|   9|0x0000000082500000, 0x0000000082600000, 0x0000000082600000|100%| O|  |TAMS 0x0000000082600000, 0x0000000082500000| Untracked 
|  10|0x0000000082600000, 0x00000000826ffff0, 0x0000000082700000| 99%| O|  |TAMS 0x00000000826ffff0, 0x0000000082600000| Untracked 
|  11|0x0000000082700000, 0x00000000827fffe0, 0x0000000082800000| 99%| O|  |TAMS 0x00000000827fffe0, 0x0000000082700000| Untracked 
|  12|0x0000000082800000, 0x0000000082900000, 0x0000000082900000|100%| O|  |TAMS 0x0000000082900000, 0x0000000082800000| Untracked 
|  13|0x0000000082900000, 0x0000000082a00000, 0x0000000082a00000|100%| O|  |TAMS 0x0000000082a00000, 0x0000000082900000| Untracked 
|  14|0x0000000082a00000, 0x0000000082b00000, 0x0000000082b00000|100%| O|  |TAMS 0x0000000082b00000, 0x0000000082a00000| Untracked 
|  15|0x0000000082b00000, 0x0000000082bffff8, 0x0000000082c00000| 99%| O|  |TAMS 0x0000000082bffff8, 0x0000000082b00000| Untracked 
|  16|0x0000000082c00000, 0x0000000082cfffd8, 0x0000000082d00000| 99%| O|  |TAMS 0x0000000082cfffd8, 0x0000000082c00000| Untracked 
|  17|0x0000000082d00000, 0x0000000082dffff0, 0x0000000082e00000| 99%| O|  |TAMS 0x0000000082dffff0, 0x0000000082d00000| Untracked 
|  18|0x0000000082e00000, 0x0000000082effff0, 0x0000000082f00000| 99%| O|  |TAMS 0x0000000082effff0, 0x0000000082e00000| Untracked 
|  19|0x0000000082f00000, 0x0000000082fffff8, 0x0000000083000000| 99%| O|  |TAMS 0x0000000082fffff8, 0x0000000082f00000| Untracked 
|  20|0x0000000083000000, 0x00000000830ffff8, 0x0000000083100000| 99%| O|  |TAMS 0x00000000830ffff8, 0x0000000083000000| Untracked 
|  21|0x0000000083100000, 0x00000000831a1eb8, 0x0000000083200000| 63%| O|  |TAMS 0x0000000083100000, 0x0000000083100000| Untracked 
|  22|0x0000000083200000, 0x00000000832022a8, 0x0000000083300000|  0%| O|  |TAMS 0x0000000083200000, 0x0000000083200000| Untracked 
|  23|0x0000000083300000, 0x0000000083300000, 0x0000000083400000|  0%| F|  |TAMS 0x0000000083300000, 0x0000000083300000| Untracked 
|  24|0x0000000083400000, 0x0000000083400000, 0x0000000083500000|  0%| F|  |TAMS 0x0000000083400000, 0x0000000083400000| Untracked 
|  25|0x0000000083500000, 0x0000000083500000, 0x0000000083600000|  0%| F|  |TAMS 0x0000000083500000, 0x0000000083500000| Untracked 
|  26|0x0000000083600000, 0x0000000083600000, 0x0000000083700000|  0%| F|  |TAMS 0x0000000083600000, 0x0000000083600000| Untracked 
|  27|0x0000000083700000, 0x0000000083700000, 0x0000000083800000|  0%| F|  |TAMS 0x0000000083700000, 0x0000000083700000| Untracked 
|  28|0x0000000083800000, 0x0000000083800000, 0x0000000083900000|  0%| F|  |TAMS 0x0000000083800000, 0x0000000083800000| Untracked 
|  29|0x0000000083900000, 0x0000000083900000, 0x0000000083a00000|  0%| F|  |TAMS 0x0000000083900000, 0x0000000083900000| Untracked 
|  30|0x0000000083a00000, 0x0000000083a00000, 0x0000000083b00000|  0%| F|  |TAMS 0x0000000083a00000, 0x0000000083a00000| Untracked 
|  31|0x0000000083b00000, 0x0000000083b00000, 0x0000000083c00000|  0%| F|  |TAMS 0x0000000083b00000, 0x0000000083b00000| Untracked 
|  32|0x0000000083c00000, 0x0000000083c00000, 0x0000000083d00000|  0%| F|  |TAMS 0x0000000083c00000, 0x0000000083c00000| Untracked 
|  33|0x0000000083d00000, 0x0000000083d00000, 0x0000000083e00000|  0%| F|  |TAMS 0x0000000083d00000, 0x0000000083d00000| Untracked 
|  34|0x0000000083e00000, 0x0000000083e00000, 0x0000000083f00000|  0%| F|  |TAMS 0x0000000083e00000, 0x0000000083e00000| Untracked 
|  35|0x0000000083f00000, 0x0000000083f00000, 0x0000000084000000|  0%| F|  |TAMS 0x0000000083f00000, 0x0000000083f00000| Untracked 
|  36|0x0000000084000000, 0x0000000084000000, 0x0000000084100000|  0%| F|  |TAMS 0x0000000084000000, 0x0000000084000000| Untracked 
|  37|0x0000000084100000, 0x0000000084100000, 0x0000000084200000|  0%| F|  |TAMS 0x0000000084100000, 0x0000000084100000| Untracked 
|  38|0x0000000084200000, 0x0000000084300000, 0x0000000084300000|100%| O|  |TAMS 0x0000000084300000, 0x0000000084200000| Untracked 
|  39|0x0000000084300000, 0x0000000084300000, 0x0000000084400000|  0%| F|  |TAMS 0x0000000084300000, 0x0000000084300000| Untracked 
|  40|0x0000000084400000, 0x0000000084400000, 0x0000000084500000|  0%| F|  |TAMS 0x0000000084400000, 0x0000000084400000| Untracked 
|  41|0x0000000084500000, 0x0000000084500000, 0x0000000084600000|  0%| F|  |TAMS 0x0000000084500000, 0x0000000084500000| Untracked 
|  42|0x0000000084600000, 0x0000000084600000, 0x0000000084700000|  0%| F|  |TAMS 0x0000000084600000, 0x0000000084600000| Untracked 
|  43|0x0000000084700000, 0x0000000084700000, 0x0000000084800000|  0%| F|  |TAMS 0x0000000084700000, 0x0000000084700000| Untracked 
|  44|0x0000000084800000, 0x0000000084800000, 0x0000000084900000|  0%| F|  |TAMS 0x0000000084800000, 0x0000000084800000| Untracked 
|  45|0x0000000084900000, 0x0000000084900000, 0x0000000084a00000|  0%| F|  |TAMS 0x0000000084900000, 0x0000000084900000| Untracked 
|  46|0x0000000084a00000, 0x0000000084a00000, 0x0000000084b00000|  0%| F|  |TAMS 0x0000000084a00000, 0x0000000084a00000| Untracked 
|  47|0x0000000084b00000, 0x0000000084b00000, 0x0000000084c00000|  0%| F|  |TAMS 0x0000000084b00000, 0x0000000084b00000| Untracked 
|  48|0x0000000084c00000, 0x0000000084c00000, 0x0000000084d00000|  0%| F|  |TAMS 0x0000000084c00000, 0x0000000084c00000| Untracked 
|  49|0x0000000084d00000, 0x0000000084d00000, 0x0000000084e00000|  0%| F|  |TAMS 0x0000000084d00000, 0x0000000084d00000| Untracked 
|  50|0x0000000084e00000, 0x0000000084e00000, 0x0000000084f00000|  0%| F|  |TAMS 0x0000000084e00000, 0x0000000084e00000| Untracked 
|  51|0x0000000084f00000, 0x0000000084f00000, 0x0000000085000000|  0%| F|  |TAMS 0x0000000084f00000, 0x0000000084f00000| Untracked 
|  52|0x0000000085000000, 0x0000000085000000, 0x0000000085100000|  0%| F|  |TAMS 0x0000000085000000, 0x0000000085000000| Untracked 
|  53|0x0000000085100000, 0x0000000085100000, 0x0000000085200000|  0%| F|  |TAMS 0x0000000085100000, 0x0000000085100000| Untracked 
|  54|0x0000000085200000, 0x0000000085200000, 0x0000000085300000|  0%| F|  |TAMS 0x0000000085200000, 0x0000000085200000| Untracked 
|  55|0x0000000085300000, 0x0000000085300000, 0x0000000085400000|  0%| F|  |TAMS 0x0000000085300000, 0x0000000085300000| Untracked 
|  56|0x0000000085400000, 0x0000000085400000, 0x0000000085500000|  0%| F|  |TAMS 0x0000000085400000, 0x0000000085400000| Untracked 
|  57|0x0000000085500000, 0x0000000085500000, 0x0000000085600000|  0%| F|  |TAMS 0x0000000085500000, 0x0000000085500000| Untracked 
|  58|0x0000000085600000, 0x0000000085600000, 0x0000000085700000|  0%| F|  |TAMS 0x0000000085600000, 0x0000000085600000| Untracked 
|  59|0x0000000085700000, 0x0000000085700000, 0x0000000085800000|  0%| F|  |TAMS 0x0000000085700000, 0x0000000085700000| Untracked 
|  60|0x0000000085800000, 0x0000000085800000, 0x0000000085900000|  0%| F|  |TAMS 0x0000000085800000, 0x0000000085800000| Untracked 
|  61|0x0000000085900000, 0x0000000085900000, 0x0000000085a00000|  0%| F|  |TAMS 0x0000000085900000, 0x0000000085900000| Untracked 
|  62|0x0000000085a00000, 0x0000000085a00000, 0x0000000085b00000|  0%| F|  |TAMS 0x0000000085a00000, 0x0000000085a00000| Untracked 
|  63|0x0000000085b00000, 0x0000000085b00000, 0x0000000085c00000|  0%| F|  |TAMS 0x0000000085b00000, 0x0000000085b00000| Untracked 
|  64|0x0000000085c00000, 0x0000000085c00000, 0x0000000085d00000|  0%| F|  |TAMS 0x0000000085c00000, 0x0000000085c00000| Untracked 
|  65|0x0000000085d00000, 0x0000000085d00000, 0x0000000085e00000|  0%| F|  |TAMS 0x0000000085d00000, 0x0000000085d00000| Untracked 
|  66|0x0000000085e00000, 0x0000000085e00000, 0x0000000085f00000|  0%| F|  |TAMS 0x0000000085e00000, 0x0000000085e00000| Untracked 
|  67|0x0000000085f00000, 0x0000000085f00000, 0x0000000086000000|  0%| F|  |TAMS 0x0000000085f00000, 0x0000000085f00000| Untracked 
|  68|0x0000000086000000, 0x0000000086000000, 0x0000000086100000|  0%| F|  |TAMS 0x0000000086000000, 0x0000000086000000| Untracked 
|  69|0x0000000086100000, 0x0000000086100000, 0x0000000086200000|  0%| F|  |TAMS 0x0000000086100000, 0x0000000086100000| Untracked 
|  70|0x0000000086200000, 0x0000000086200000, 0x0000000086300000|  0%| F|  |TAMS 0x0000000086200000, 0x0000000086200000| Untracked 
|  71|0x0000000086300000, 0x0000000086300000, 0x0000000086400000|  0%| F|  |TAMS 0x0000000086300000, 0x0000000086300000| Untracked 
|  72|0x0000000086400000, 0x0000000086400000, 0x0000000086500000|  0%| F|  |TAMS 0x0000000086400000, 0x0000000086400000| Untracked 
|  73|0x0000000086500000, 0x0000000086500000, 0x0000000086600000|  0%| F|  |TAMS 0x0000000086500000, 0x0000000086500000| Untracked 
|  74|0x0000000086600000, 0x0000000086600000, 0x0000000086700000|  0%| F|  |TAMS 0x0000000086600000, 0x0000000086600000| Untracked 
|  75|0x0000000086700000, 0x0000000086700000, 0x0000000086800000|  0%| F|  |TAMS 0x0000000086700000, 0x0000000086700000| Untracked 
|  76|0x0000000086800000, 0x0000000086806558, 0x0000000086900000|  2%| E|  |TAMS 0x0000000086800000, 0x0000000086800000| Complete 

Card table byte_map: [0x000001cb35180000,0x000001cb35580000] _byte_map_base: 0x000001cb34d72000

Marking Bits (Prev, Next): (CMBitMap*) 0x000001cb2f152080, (CMBitMap*) 0x000001cb2f152040
 Prev Bits: [0x000001cb37910000, 0x000001cb398a0000)
 Next Bits: [0x000001cb35980000, 0x000001cb37910000)

Polling page: 0x000001cb2cee0000

Metaspace:

Usage:
  Non-class:     35.07 MB used.
      Class:      5.69 MB used.
       Both:     40.76 MB used.

Virtual space:
  Non-class space:       40.00 MB reserved,      35.31 MB ( 88%) committed,  5 nodes.
      Class space:        1.00 GB reserved,       5.88 MB ( <1%) committed,  1 nodes.
             Both:        1.04 GB reserved,      41.19 MB (  4%) committed. 

Chunk freelists:
   Non-Class:  252.00 KB
       Class:  2.19 MB
        Both:  2.44 MB

MaxMetaspaceSize: unlimited
CompressedClassSpaceSize: 1.00 GB
Initial GC threshold: 21.00 MB
Current GC threshold: 68.69 MB
CDS: off
MetaspaceReclaimPolicy: balanced
 - commit_granule_bytes: 65536.
 - commit_granule_words: 8192.
 - virtual_space_node_default_size: 1048576.
 - enlarge_chunks_in_place: 1.
 - new_chunks_are_fully_committed: 0.
 - uncommit_free_chunks: 1.
 - use_allocation_guard: 0.
 - handle_deallocations: 1.


Internal statistics:

num_allocs_failed_limit: 3.
num_arena_births: 386.
num_arena_deaths: 102.
num_vsnodes_births: 6.
num_vsnodes_deaths: 0.
num_space_committed: 659.
num_space_uncommitted: 0.
num_chunks_returned_to_freelist: 123.
num_chunks_taken_from_freelist: 1651.
num_chunk_merges: 42.
num_chunk_splits: 1145.
num_chunks_enlarged: 894.
num_purges: 10.
num_inconsistent_stats: 0.

CodeCache: size=49152Kb used=10570Kb max_used=11513Kb free=38581Kb
 bounds [0x000001cb31d80000, 0x000001cb328c0000, 0x000001cb34d80000]
 total_blobs=6223 nmethods=5671 adapters=479
 compilation: enabled
              stopped_count=0, restarted_count=0
 full_count=0

Compilation events (20 events):
Event: 2712.446 Thread 0x000001cb3bcc29f0 5665       1       java.lang.invoke.Invokers$Holder::linkToTargetMethod (9 bytes)
Event: 2712.447 Thread 0x000001cb3bcc29f0 nmethod 5665 0x000001cb3259a510 code [0x000001cb3259a6c0, 0x000001cb3259a7d8]
Event: 2712.447 Thread 0x000001cb3bcc29f0 5666       1       java.lang.invoke.LambdaForm$DMH/0x00000001005da000::newInvokeSpecial (23 bytes)
Event: 2712.453 Thread 0x000001cb3bcc29f0 nmethod 5666 0x000001cb3259a090 code [0x000001cb3259a240, 0x000001cb3259a3c8]
Event: 2712.453 Thread 0x000001cb3bcc29f0 5667       1       java.lang.ProcessImpl$$Lambda$530/0x00000001002f2470::<init> (10 bytes)
Event: 2712.453 Thread 0x000001cb3bcc29f0 nmethod 5667 0x000001cb32599d90 code [0x000001cb32599f20, 0x000001cb32599ff8]
Event: 2713.382 Thread 0x000001cb3bcc29f0 5668   !   1       java.io.FilterOutputStream::close (183 bytes)
Event: 2713.453 Thread 0x000001cb3bcc29f0 nmethod 5668 0x000001cb32599010 code [0x000001cb32599220, 0x000001cb325996f8]
Event: 2713.453 Thread 0x000001cb3bcc29f0 5669   !   1       java.io.FileOutputStream::close (69 bytes)
Event: 2713.455 Thread 0x000001cb3bcc29f0 nmethod 5669 0x000001cb32598990 code [0x000001cb32598b60, 0x000001cb32598ed8]
Event: 2713.455 Thread 0x000001cb3bcc29f0 5670       1       java.io.FileOutputStream$1::<init> (10 bytes)
Event: 2713.456 Thread 0x000001cb3bcc29f0 nmethod 5670 0x000001cb32598690 code [0x000001cb32598820, 0x000001cb32598938]
Event: 2713.456 Thread 0x000001cb3bcc29f0 5671       1       java.io.FileOutputStream$1::close (11 bytes)
Event: 2713.457 Thread 0x000001cb3bcc29f0 nmethod 5671 0x000001cb32598010 code [0x000001cb325981c0, 0x000001cb325984d8]
Event: 2713.457 Thread 0x000001cb3bcc29f0 5672       1       java.lang.System::gc (7 bytes)
Event: 2713.458 Thread 0x000001cb3bcc29f0 nmethod 5672 0x000001cb32597d10 code [0x000001cb32597ea0, 0x000001cb32597f68]
Event: 2724.168 Thread 0x000001cb3bcc29f0 5674       1       java.lang.ProcessImpl$$Lambda$530/0x00000001002f2470::run (8 bytes)
Event: 2724.168 Thread 0x000001cb3bcc29f0 nmethod 5674 0x000001cb32597610 code [0x000001cb325977a0, 0x000001cb32597888]
Event: 2724.168 Thread 0x000001cb3bcc29f0 5675       1       java.lang.ProcessImpl::lambda$new$0 (6 bytes)
Event: 2724.168 Thread 0x000001cb3bcc29f0 nmethod 5675 0x000001cb32597310 code [0x000001cb325974a0, 0x000001cb32597568]

GC Heap History (20 events):
Event: 2646.607 GC heap before
{Heap before GC invocations=305 (full 249):
 garbage-first heap   total 78848K, used 23183K [0x0000000081c00000, 0x0000000100000000)
  region size 1024K, 1 young (1024K), 0 survivors (0K)
 Metaspace       used 41735K, committed 42176K, reserved 1089536K
  class space    used 5823K, committed 6016K, reserved 1048576K
}
Event: 2646.664 GC heap after
{Heap after GC invocations=306 (full 250):
 garbage-first heap   total 78848K, used 23184K [0x0000000081c00000, 0x0000000100000000)
  region size 1024K, 0 young (0K), 0 survivors (0K)
 Metaspace       used 41735K, committed 42176K, reserved 1089536K
  class space    used 5823K, committed 6016K, reserved 1048576K
}
Event: 2657.496 GC heap before
{Heap before GC invocations=306 (full 250):
 garbage-first heap   total 78848K, used 23184K [0x0000000081c00000, 0x0000000100000000)
  region size 1024K, 1 young (1024K), 0 survivors (0K)
 Metaspace       used 41735K, committed 42176K, reserved 1089536K
  class space    used 5823K, committed 6016K, reserved 1048576K
}
Event: 2657.559 GC heap after
{Heap after GC invocations=307 (full 251):
 garbage-first heap   total 78848K, used 23184K [0x0000000081c00000, 0x0000000100000000)
  region size 1024K, 0 young (0K), 0 survivors (0K)
 Metaspace       used 41735K, committed 42176K, reserved 1089536K
  class space    used 5823K, committed 6016K, reserved 1048576K
}
Event: 2668.299 GC heap before
{Heap before GC invocations=307 (full 251):
 garbage-first heap   total 78848K, used 23184K [0x0000000081c00000, 0x0000000100000000)
  region size 1024K, 1 young (1024K), 0 survivors (0K)
 Metaspace       used 41735K, committed 42176K, reserved 1089536K
  class space    used 5823K, committed 6016K, reserved 1048576K
}
Event: 2668.373 GC heap after
{Heap after GC invocations=308 (full 252):
 garbage-first heap   total 78848K, used 23184K [0x0000000081c00000, 0x0000000100000000)
  region size 1024K, 0 young (0K), 0 survivors (0K)
 Metaspace       used 41735K, committed 42176K, reserved 1089536K
  class space    used 5823K, committed 6016K, reserved 1048576K
}
Event: 2679.665 GC heap before
{Heap before GC invocations=308 (full 252):
 garbage-first heap   total 78848K, used 23184K [0x0000000081c00000, 0x0000000100000000)
  region size 1024K, 1 young (1024K), 0 survivors (0K)
 Metaspace       used 41735K, committed 42176K, reserved 1089536K
  class space    used 5823K, committed 6016K, reserved 1048576K
}
Event: 2679.733 GC heap after
{Heap after GC invocations=309 (full 253):
 garbage-first heap   total 78848K, used 23184K [0x0000000081c00000, 0x0000000100000000)
  region size 1024K, 0 young (0K), 0 survivors (0K)
 Metaspace       used 41735K, committed 42176K, reserved 1089536K
  class space    used 5823K, committed 6016K, reserved 1048576K
}
Event: 2690.852 GC heap before
{Heap before GC invocations=309 (full 253):
 garbage-first heap   total 78848K, used 23184K [0x0000000081c00000, 0x0000000100000000)
  region size 1024K, 1 young (1024K), 0 survivors (0K)
 Metaspace       used 41735K, committed 42176K, reserved 1089536K
  class space    used 5823K, committed 6016K, reserved 1048576K
}
Event: 2690.917 GC heap after
{Heap after GC invocations=310 (full 254):
 garbage-first heap   total 78848K, used 23184K [0x0000000081c00000, 0x0000000100000000)
  region size 1024K, 0 young (0K), 0 survivors (0K)
 Metaspace       used 41735K, committed 42176K, reserved 1089536K
  class space    used 5823K, committed 6016K, reserved 1048576K
}
Event: 2702.299 GC heap before
{Heap before GC invocations=310 (full 254):
 garbage-first heap   total 78848K, used 23184K [0x0000000081c00000, 0x0000000100000000)
  region size 1024K, 1 young (1024K), 0 survivors (0K)
 Metaspace       used 41735K, committed 42176K, reserved 1089536K
  class space    used 5823K, committed 6016K, reserved 1048576K
}
Event: 2702.386 GC heap after
{Heap after GC invocations=311 (full 255):
 garbage-first heap   total 78848K, used 23184K [0x0000000081c00000, 0x0000000100000000)
  region size 1024K, 0 young (0K), 0 survivors (0K)
 Metaspace       used 41735K, committed 42176K, reserved 1089536K
  class space    used 5823K, committed 6016K, reserved 1048576K
}
Event: 2713.383 GC heap before
{Heap before GC invocations=311 (full 255):
 garbage-first heap   total 78848K, used 23184K [0x0000000081c00000, 0x0000000100000000)
  region size 1024K, 1 young (1024K), 0 survivors (0K)
 Metaspace       used 41735K, committed 42176K, reserved 1089536K
  class space    used 5823K, committed 6016K, reserved 1048576K
}
Event: 2713.451 GC heap after
{Heap after GC invocations=312 (full 256):
 garbage-first heap   total 78848K, used 23184K [0x0000000081c00000, 0x0000000100000000)
  region size 1024K, 0 young (0K), 0 survivors (0K)
 Metaspace       used 41735K, committed 42176K, reserved 1089536K
  class space    used 5823K, committed 6016K, reserved 1048576K
}
Event: 2724.093 GC heap before
{Heap before GC invocations=312 (full 256):
 garbage-first heap   total 78848K, used 23184K [0x0000000081c00000, 0x0000000100000000)
  region size 1024K, 1 young (1024K), 0 survivors (0K)
 Metaspace       used 41735K, committed 42176K, reserved 1089536K
  class space    used 5823K, committed 6016K, reserved 1048576K
}
Event: 2724.167 GC heap after
{Heap after GC invocations=313 (full 257):
 garbage-first heap   total 78848K, used 23184K [0x0000000081c00000, 0x0000000100000000)
  region size 1024K, 0 young (0K), 0 survivors (0K)
 Metaspace       used 41735K, committed 42176K, reserved 1089536K
  class space    used 5823K, committed 6016K, reserved 1048576K
}
Event: 2734.674 GC heap before
{Heap before GC invocations=313 (full 257):
 garbage-first heap   total 78848K, used 23184K [0x0000000081c00000, 0x0000000100000000)
  region size 1024K, 1 young (1024K), 0 survivors (0K)
 Metaspace       used 41735K, committed 42176K, reserved 1089536K
  class space    used 5823K, committed 6016K, reserved 1048576K
}
Event: 2734.751 GC heap after
{Heap after GC invocations=314 (full 258):
 garbage-first heap   total 78848K, used 23184K [0x0000000081c00000, 0x0000000100000000)
  region size 1024K, 0 young (0K), 0 survivors (0K)
 Metaspace       used 41735K, committed 42176K, reserved 1089536K
  class space    used 5823K, committed 6016K, reserved 1048576K
}
Event: 2745.345 GC heap before
{Heap before GC invocations=314 (full 258):
 garbage-first heap   total 78848K, used 23184K [0x0000000081c00000, 0x0000000100000000)
  region size 1024K, 1 young (1024K), 0 survivors (0K)
 Metaspace       used 41735K, committed 42176K, reserved 1089536K
  class space    used 5823K, committed 6016K, reserved 1048576K
}
Event: 2745.415 GC heap after
{Heap after GC invocations=315 (full 259):
 garbage-first heap   total 78848K, used 23184K [0x0000000081c00000, 0x0000000100000000)
  region size 1024K, 0 young (0K), 0 survivors (0K)
 Metaspace       used 41735K, committed 42176K, reserved 1089536K
  class space    used 5823K, committed 6016K, reserved 1048576K
}

Deoptimization events (20 events):
Event: 7.215 Thread 0x000001cb2f0f40d0 DEOPT PACKING pc=0x000001cb322f5f75 sp=0x0000005c5d7fc9d0
Event: 7.215 Thread 0x000001cb2f0f40d0 DEOPT UNPACKING pc=0x000001cb31dd2b43 sp=0x0000005c5d7fbe40 mode 3
Event: 13.709 Thread 0x000001cb3d038030 DEOPT PACKING pc=0x000001cb323fe6ab sp=0x0000005c5ecfea10
Event: 13.709 Thread 0x000001cb3d038030 DEOPT UNPACKING pc=0x000001cb31dd2b43 sp=0x0000005c5ecfdf58 mode 3
Event: 16.107 Thread 0x000001cb3ce81350 DEOPT PACKING pc=0x000001cb3244deb5 sp=0x0000005c5eefd790
Event: 16.107 Thread 0x000001cb3ce81350 DEOPT UNPACKING pc=0x000001cb31dd2b43 sp=0x0000005c5eefccb8 mode 3
Event: 17.202 Thread 0x000001cb3ce809b0 DEOPT PACKING pc=0x000001cb32235481 sp=0x0000005c5f7febd0
Event: 17.202 Thread 0x000001cb3ce809b0 DEOPT UNPACKING pc=0x000001cb31dd2b43 sp=0x0000005c5f7fe060 mode 3
Event: 17.381 Thread 0x000001cb3ce81cf0 DEOPT PACKING pc=0x000001cb3222d897 sp=0x0000005c5fbfeca0
Event: 17.381 Thread 0x000001cb3ce81cf0 DEOPT UNPACKING pc=0x000001cb31dd2b43 sp=0x0000005c5fbfe0f8 mode 3
Event: 46.556 Thread 0x000001cb3d038030 DEOPT PACKING pc=0x000001cb32210c52 sp=0x0000005c5ecfdaa0
Event: 46.556 Thread 0x000001cb3d038030 DEOPT UNPACKING pc=0x000001cb31dd2b43 sp=0x0000005c5ecfcfa8 mode 3
Event: 48.898 Thread 0x000001cb3d038030 DEOPT PACKING pc=0x000001cb3287eff4 sp=0x0000005c5ecfe310
Event: 48.899 Thread 0x000001cb3d038030 DEOPT UNPACKING pc=0x000001cb31dd2b43 sp=0x0000005c5ecfd808 mode 0
Event: 48.899 Thread 0x000001cb3d038030 DEOPT PACKING pc=0x000001cb328397f4 sp=0x0000005c5ecfe3e0
Event: 48.899 Thread 0x000001cb3d038030 DEOPT UNPACKING pc=0x000001cb31dd2b43 sp=0x0000005c5ecfd8b8 mode 0
Event: 48.899 Thread 0x000001cb3d038030 DEOPT PACKING pc=0x000001cb32836f24 sp=0x0000005c5ecfe490
Event: 48.899 Thread 0x000001cb3d038030 DEOPT UNPACKING pc=0x000001cb31dd2b43 sp=0x0000005c5ecfda10 mode 0
Event: 48.901 Thread 0x000001cb3d038030 DEOPT PACKING pc=0x000001cb328684ac sp=0x0000005c5ecfe790
Event: 48.901 Thread 0x000001cb3d038030 DEOPT UNPACKING pc=0x000001cb31dd2b43 sp=0x0000005c5ecfdc20 mode 0

Classes unloaded (20 events):
Event: 114.064 Thread 0x000001cb3bc6ec60 Unloading class 0x0000000100594000 'jdk/internal/reflect/GeneratedMethodAccessor28'
Event: 124.269 Thread 0x000001cb3bc6ec60 Unloading class 0x00000001005da400 'java/lang/invoke/LambdaForm$DMH+0x00000001005da400'
Event: 124.269 Thread 0x000001cb3bc6ec60 Unloading class 0x00000001005d9400 'java/lang/invoke/LambdaForm$MH+0x00000001005d9400'
Event: 124.269 Thread 0x000001cb3bc6ec60 Unloading class 0x00000001005d9000 'java/lang/invoke/LambdaForm$MH+0x00000001005d9000'
Event: 124.269 Thread 0x000001cb3bc6ec60 Unloading class 0x00000001005d8c00 'java/lang/invoke/LambdaForm$MH+0x00000001005d8c00'
Event: 124.269 Thread 0x000001cb3bc6ec60 Unloading class 0x00000001005d8800 'java/lang/invoke/LambdaForm$MH+0x00000001005d8800'
Event: 124.269 Thread 0x000001cb3bc6ec60 Unloading class 0x00000001005d8400 'java/lang/invoke/LambdaForm$MH+0x00000001005d8400'
Event: 124.269 Thread 0x000001cb3bc6ec60 Unloading class 0x00000001005d8000 'java/lang/invoke/LambdaForm$MH+0x00000001005d8000'
Event: 124.269 Thread 0x000001cb3bc6ec60 Unloading class 0x00000001005d6800 'jdk/internal/reflect/GeneratedConstructorAccessor26'
Event: 124.269 Thread 0x000001cb3bc6ec60 Unloading class 0x00000001005d6400 'jdk/internal/reflect/GeneratedConstructorAccessor25'
Event: 124.269 Thread 0x000001cb3bc6ec60 Unloading class 0x00000001005d6000 'jdk/internal/reflect/GeneratedConstructorAccessor24'
Event: 124.269 Thread 0x000001cb3bc6ec60 Unloading class 0x00000001005d5c00 'jdk/internal/reflect/GeneratedConstructorAccessor23'
Event: 124.269 Thread 0x000001cb3bc6ec60 Unloading class 0x00000001005d5800 'jdk/internal/reflect/GeneratedConstructorAccessor22'
Event: 124.269 Thread 0x000001cb3bc6ec60 Unloading class 0x00000001005d5400 'jdk/internal/reflect/GeneratedConstructorAccessor21'
Event: 124.269 Thread 0x000001cb3bc6ec60 Unloading class 0x00000001005d5000 'jdk/internal/reflect/GeneratedConstructorAccessor20'
Event: 124.269 Thread 0x000001cb3bc6ec60 Unloading class 0x00000001005d4c00 'jdk/internal/reflect/GeneratedConstructorAccessor19'
Event: 124.269 Thread 0x000001cb3bc6ec60 Unloading class 0x00000001005d4800 'jdk/internal/reflect/GeneratedConstructorAccessor18'
Event: 124.269 Thread 0x000001cb3bc6ec60 Unloading class 0x00000001005d4400 'jdk/internal/reflect/GeneratedConstructorAccessor17'
Event: 124.269 Thread 0x000001cb3bc6ec60 Unloading class 0x0000000100349400 'java/lang/invoke/LambdaForm$MH+0x0000000100349400'
Event: 124.269 Thread 0x000001cb3bc6ec60 Unloading class 0x00000001000c8000 'java/lang/invoke/LambdaForm$MH+0x00000001000c8000'

Classes redefined (0 events):
No events

Internal exceptions (20 events):
Event: 44.246 Thread 0x000001cb3d050140 Exception <a 'sun/nio/fs/WindowsException'{0x000000009558ecb8}> (0x000000009558ecb8) 
thrown [e:\jenkins\tmp\workspace\build\src\src\hotspot\share\prims\jni.cpp, line 516]
Event: 44.246 Thread 0x000001cb3d050140 Exception <a 'sun/nio/fs/WindowsException'{0x000000009558f078}> (0x000000009558f078) 
thrown [e:\jenkins\tmp\workspace\build\src\src\hotspot\share\prims\jni.cpp, line 516]
Event: 44.246 Thread 0x000001cb3d050140 Exception <a 'sun/nio/fs/WindowsException'{0x000000009558fa78}> (0x000000009558fa78) 
thrown [e:\jenkins\tmp\workspace\build\src\src\hotspot\share\prims\jni.cpp, line 516]
Event: 44.246 Thread 0x000001cb3d050140 Exception <a 'sun/nio/fs/WindowsException'{0x000000009558fe28}> (0x000000009558fe28) 
thrown [e:\jenkins\tmp\workspace\build\src\src\hotspot\share\prims\jni.cpp, line 516]
Event: 44.246 Thread 0x000001cb3d050140 Exception <a 'sun/nio/fs/WindowsException'{0x0000000095590830}> (0x0000000095590830) 
thrown [e:\jenkins\tmp\workspace\build\src\src\hotspot\share\prims\jni.cpp, line 516]
Event: 44.246 Thread 0x000001cb3d050140 Exception <a 'sun/nio/fs/WindowsException'{0x0000000095590bf0}> (0x0000000095590bf0) 
thrown [e:\jenkins\tmp\workspace\build\src\src\hotspot\share\prims\jni.cpp, line 516]
Event: 44.246 Thread 0x000001cb3d050140 Exception <a 'sun/nio/fs/WindowsException'{0x0000000095591618}> (0x0000000095591618) 
thrown [e:\jenkins\tmp\workspace\build\src\src\hotspot\share\prims\jni.cpp, line 516]
Event: 44.246 Thread 0x000001cb3d050140 Exception <a 'sun/nio/fs/WindowsException'{0x00000000955919f8}> (0x00000000955919f8) 
thrown [e:\jenkins\tmp\workspace\build\src\src\hotspot\share\prims\jni.cpp, line 516]
Event: 44.246 Thread 0x000001cb3d050140 Exception <a 'sun/nio/fs/WindowsException'{0x0000000095592430}> (0x0000000095592430) 
thrown [e:\jenkins\tmp\workspace\build\src\src\hotspot\share\prims\jni.cpp, line 516]
Event: 44.247 Thread 0x000001cb3d050140 Exception <a 'sun/nio/fs/WindowsException'{0x0000000095592820}> (0x0000000095592820) 
thrown [e:\jenkins\tmp\workspace\build\src\src\hotspot\share\prims\jni.cpp, line 516]
Event: 44.247 Thread 0x000001cb3d050140 Exception <a 'sun/nio/fs/WindowsException'{0x0000000095593250}> (0x0000000095593250) 
thrown [e:\jenkins\tmp\workspace\build\src\src\hotspot\share\prims\jni.cpp, line 516]
Event: 44.247 Thread 0x000001cb3d050140 Exception <a 'sun/nio/fs/WindowsException'{0x0000000095593640}> (0x0000000095593640) 
thrown [e:\jenkins\tmp\workspace\build\src\src\hotspot\share\prims\jni.cpp, line 516]
Event: 44.252 Thread 0x000001cb3d050140 Exception <a 'java/lang/NoSuchMethodError'{0x000000009559c418}: 'java.lang.Object java.lang.invoke.Invokers$Holder.invoke_MT(java.lang.Object, java.lang.Object, java.lang.Object)'> (0x000000009559c418) 
thrown [e:\jenkins\tmp\workspace\build\src\src\hotspot\share\interpreter\linkResolver.cpp, line 766]
Event: 45.712 Thread 0x000001cb3d038030 Exception <a 'java/lang/NoSuchMethodError'{0x000000009b614740}: 'void java.lang.invoke.DirectMethodHandle$Holder.invokeStatic(java.lang.Object, java.lang.Object, java.lang.Object, java.lang.Object, java.lang.Object, java.lang.Object)'> (0x000000009b614740) 
thrown [e:\jenkins\tmp\workspace\build\src\src\hotspot\share\interpreter\linkResolver.cpp, line 766]
Event: 82.991 Thread 0x000001cb3c9876a0 Exception <a 'java/lang/NoSuchMethodError'{0x00000000998afb78}: 'void java.lang.invoke.DirectMethodHandle$Holder.invokeStatic(java.lang.Object, long)'> (0x00000000998afb78) 
thrown [e:\jenkins\tmp\workspace\build\src\src\hotspot\share\interpreter\linkResolver.cpp, line 766]
Event: 82.992 Thread 0x000001cb3c9876a0 Exception <a 'java/lang/NoSuchMethodError'{0x00000000998b4f30}: 'java.lang.Object java.lang.invoke.DirectMethodHandle$Holder.newInvokeSpecial(java.lang.Object, long)'> (0x00000000998b4f30) 
thrown [e:\jenkins\tmp\workspace\build\src\src\hotspot\share\interpreter\linkResolver.cpp, line 766]
Event: 82.994 Thread 0x000001cb3c9876a0 Exception <a 'java/lang/NoSuchMethodError'{0x00000000998bba20}: 'java.lang.Object java.lang.invoke.DirectMethodHandle$Holder.invokeStatic(java.lang.Object, java.lang.Object, long, java.lang.Object)'> (0x00000000998bba20) 
thrown [e:\jenkins\tmp\workspace\build\src\src\hotspot\share\interpreter\linkResolver.cpp, line 766]
Event: 82.995 Thread 0x000001cb3c9876a0 Exception <a 'java/lang/NoSuchMethodError'{0x00000000998bf288}: 'java.lang.Object java.lang.invoke.DirectMethodHandle$Holder.invokeStaticInit(java.lang.Object, java.lang.Object, long, java.lang.Object)'> (0x00000000998bf288) 
thrown [e:\jenkins\tmp\workspace\build\src\src\hotspot\share\interpreter\linkResolver.cpp, line 766]
Event: 82.997 Thread 0x000001cb3c9876a0 Exception <a 'java/lang/NoSuchMethodError'{0x00000000998c55b8}: 'java.lang.Object java.lang.invoke.DirectMethodHandle$Holder.newInvokeSpecial(java.lang.Object, java.lang.Object, long)'> (0x00000000998c55b8) 
thrown [e:\jenkins\tmp\workspace\build\src\src\hotspot\share\interpreter\linkResolver.cpp, line 766]
Event: 82.997 Thread 0x000001cb3c9876a0 Exception <a 'java/lang/NoSuchMethodError'{0x00000000998c9128}: 'java.lang.Object java.lang.invoke.Invokers$Holder.linkToTargetMethod(java.lang.Object, long, java.lang.Object)'> (0x00000000998c9128) 
thrown [e:\jenkins\tmp\workspace\build\src\src\hotspot\share\interpreter\linkResolver.cpp, line 766]

VM Operations (20 events):
Event: 2646.664 Executing VM operation: G1CollectFull done
Event: 2657.496 Executing VM operation: G1CollectFull
Event: 2657.559 Executing VM operation: G1CollectFull done
Event: 2668.298 Executing VM operation: G1CollectFull
Event: 2668.373 Executing VM operation: G1CollectFull done
Event: 2679.665 Executing VM operation: G1CollectFull
Event: 2679.733 Executing VM operation: G1CollectFull done
Event: 2690.851 Executing VM operation: G1CollectFull
Event: 2690.917 Executing VM operation: G1CollectFull done
Event: 2702.298 Executing VM operation: G1CollectFull
Event: 2702.387 Executing VM operation: G1CollectFull done
Event: 2713.383 Executing VM operation: G1CollectFull
Event: 2713.452 Executing VM operation: G1CollectFull done
Event: 2724.093 Executing VM operation: G1CollectFull
Event: 2724.167 Executing VM operation: G1CollectFull done
Event: 2734.673 Executing VM operation: G1CollectFull
Event: 2734.751 Executing VM operation: G1CollectFull done
Event: 2745.344 Executing VM operation: G1CollectFull
Event: 2745.415 Executing VM operation: G1CollectFull done
Event: 2756.836 Executing VM operation: G1CollectFull

Events (20 events):
Event: 82.981 loading class java/lang/ProcessImpl
Event: 82.981 loading class java/lang/Process
Event: 82.982 loading class java/lang/Process done
Event: 82.982 loading class java/lang/ProcessImpl done
Event: 82.992 loading class java/lang/ProcessHandleImpl
Event: 82.993 loading class java/lang/ProcessHandle
Event: 82.993 loading class java/lang/ProcessHandle done
Event: 82.993 loading class java/lang/ProcessHandleImpl done
Event: 82.998 loading class java/lang/ProcessImpl$2
Event: 82.998 loading class java/lang/ProcessImpl$2 done
Event: 82.998 loading class java/lang/Process$PipeInputStream
Event: 82.998 loading class java/lang/Process$PipeInputStream done
Event: 83.000 loading class jdk/internal/event/ProcessStartEvent
Event: 83.000 loading class jdk/internal/event/ProcessStartEvent done
Event: 83.157 loading class java/io/FileOutputStream$1
Event: 83.157 loading class java/io/FileOutputStream$1 done
Event: 98.568 Thread 0x000001cb3ce83030 Thread exited: 0x000001cb3ce83030
Event: 101.377 Thread 0x000001cb3d050ae0 Thread exited: 0x000001cb3d050ae0
Event: 109.665 Thread 0x000001cb3d038030 Thread exited: 0x000001cb3d038030
Event: 169.675 Thread 0x000001cb3ce80010 Thread exited: 0x000001cb3ce80010


Dynamic libraries:
0x00007ff76f820000 - 0x00007ff76f82e000 	c:\Users\MND PC\.vscode\extensions\redhat.java-1.9.0-win32-x64\jre\17.0.3-win32-x86_64\bin\java.exe
0x00007ffd117b0000 - 0x00007ffd119a8000 	C:\WINDOWS\SYSTEM32\ntdll.dll
0x00007ffd116b0000 - 0x00007ffd1176d000 	C:\WINDOWS\System32\KERNEL32.DLL
0x00007ffd0eed0000 - 0x00007ffd0f19e000 	C:\WINDOWS\System32\KERNELBASE.dll
0x00007ffd0f430000 - 0x00007ffd0f530000 	C:\WINDOWS\System32\ucrtbase.dll
0x00007ffd00660000 - 0x00007ffd00678000 	c:\Users\MND PC\.vscode\extensions\redhat.java-1.9.0-win32-x64\jre\17.0.3-win32-x86_64\bin\jli.dll
0x00007ffd0fec0000 - 0x00007ffd10060000 	C:\WINDOWS\System32\USER32.dll
0x00007ffd0f1a0000 - 0x00007ffd0f1c2000 	C:\WINDOWS\System32\win32u.dll
0x00007ffd115f0000 - 0x00007ffd1161a000 	C:\WINDOWS\System32\GDI32.dll
0x00007ffd0f5f0000 - 0x00007ffd0f6fb000 	C:\WINDOWS\System32\gdi32full.dll
0x00007ffd0f770000 - 0x00007ffd0f80d000 	C:\WINDOWS\System32\msvcp_win.dll
0x00007ffd003f0000 - 0x00007ffd00409000 	c:\Users\MND PC\.vscode\extensions\redhat.java-1.9.0-win32-x64\jre\17.0.3-win32-x86_64\bin\VCRUNTIME140.dll
0x00007ffcf78c0000 - 0x00007ffcf7b5a000 	C:\WINDOWS\WinSxS\amd64_microsoft.windows.common-controls_6595b64144ccf1df_6.0.19041.1110_none_60b5254171f9507e\COMCTL32.dll
0x00007ffd111e0000 - 0x00007ffd1127e000 	C:\WINDOWS\System32\msvcrt.dll
0x00007ffd10120000 - 0x00007ffd10150000 	C:\WINDOWS\System32\IMM32.DLL
0x00007ffd08c30000 - 0x00007ffd08c3c000 	c:\Users\MND PC\.vscode\extensions\redhat.java-1.9.0-win32-x64\jre\17.0.3-win32-x86_64\bin\vcruntime140_1.dll
0x00007ffce5620000 - 0x00007ffce56b1000 	c:\Users\MND PC\.vscode\extensions\redhat.java-1.9.0-win32-x64\jre\17.0.3-win32-x86_64\bin\msvcp140.dll
0x00007ffcc1460000 - 0x00007ffcc20a8000 	c:\Users\MND PC\.vscode\extensions\redhat.java-1.9.0-win32-x64\jre\17.0.3-win32-x86_64\bin\server\jvm.dll
0x00007ffd0fce0000 - 0x00007ffd0fd8e000 	C:\WINDOWS\System32\ADVAPI32.dll
0x00007ffd10880000 - 0x00007ffd1091c000 	C:\WINDOWS\System32\sechost.dll
0x00007ffd0fd90000 - 0x00007ffd0feb5000 	C:\WINDOWS\System32\RPCRT4.dll
0x00007ffd115e0000 - 0x00007ffd115e8000 	C:\WINDOWS\System32\PSAPI.DLL
0x00007ffd0c740000 - 0x00007ffd0c749000 	C:\WINDOWS\SYSTEM32\WSOCK32.dll
0x00007ffd11620000 - 0x00007ffd1168b000 	C:\WINDOWS\System32\WS2_32.dll
0x00007ffd00630000 - 0x00007ffd00657000 	C:\WINDOWS\SYSTEM32\WINMM.dll
0x00007ffcffab0000 - 0x00007ffcffaba000 	C:\WINDOWS\SYSTEM32\VERSION.dll
0x00007ffd0cdd0000 - 0x00007ffd0cde2000 	C:\WINDOWS\SYSTEM32\kernel.appcore.dll
0x00007ffd004a0000 - 0x00007ffd004aa000 	c:\Users\MND PC\.vscode\extensions\redhat.java-1.9.0-win32-x64\jre\17.0.3-win32-x86_64\bin\jimage.dll
0x00007ffd02570000 - 0x00007ffd02754000 	C:\WINDOWS\SYSTEM32\DBGHELP.DLL
0x00007ffd02540000 - 0x00007ffd0256c000 	C:\WINDOWS\SYSTEM32\dbgcore.DLL
0x00007ffd0f560000 - 0x00007ffd0f5e2000 	C:\WINDOWS\System32\bcryptPrimitives.dll
0x00007ffcf67a0000 - 0x00007ffcf67c5000 	c:\Users\MND PC\.vscode\extensions\redhat.java-1.9.0-win32-x64\jre\17.0.3-win32-x86_64\bin\java.dll
0x00007ffcf88d0000 - 0x00007ffcf88e8000 	c:\Users\MND PC\.vscode\extensions\redhat.java-1.9.0-win32-x64\jre\17.0.3-win32-x86_64\bin\zip.dll
0x00007ffd10920000 - 0x00007ffd11064000 	C:\WINDOWS\System32\SHELL32.dll
0x00007ffd0cfd0000 - 0x00007ffd0d764000 	C:\WINDOWS\SYSTEM32\windows.storage.dll
0x00007ffd11280000 - 0x00007ffd115d4000 	C:\WINDOWS\System32\combase.dll
0x00007ffd0e860000 - 0x00007ffd0e890000 	C:\WINDOWS\SYSTEM32\Wldp.dll
0x00007ffd11070000 - 0x00007ffd1111d000 	C:\WINDOWS\System32\SHCORE.dll
0x00007ffd106f0000 - 0x00007ffd10745000 	C:\WINDOWS\System32\shlwapi.dll
0x00007ffd0ee10000 - 0x00007ffd0ee2f000 	C:\WINDOWS\SYSTEM32\profapi.dll
0x00007ffcf4e40000 - 0x00007ffcf4e59000 	C:\Users\MND PC\.vscode\extensions\redhat.java-1.9.0-win32-x64\jre\17.0.3-win32-x86_64\bin\net.dll
0x00007ffd03ce0000 - 0x00007ffd03dea000 	C:\WINDOWS\SYSTEM32\WINHTTP.dll
0x00007ffd0e5c0000 - 0x00007ffd0e62a000 	C:\WINDOWS\system32\mswsock.dll
0x00007ffcf4e20000 - 0x00007ffcf4e35000 	C:\Users\MND PC\.vscode\extensions\redhat.java-1.9.0-win32-x64\jre\17.0.3-win32-x86_64\bin\nio.dll
0x00007ffcfdc90000 - 0x00007ffcfdca0000 	c:\Users\MND PC\.vscode\extensions\redhat.java-1.9.0-win32-x64\jre\17.0.3-win32-x86_64\bin\verify.dll
0x00007ffcf17a0000 - 0x00007ffcf17a9000 	C:\Users\MND PC\.vscode\extensions\redhat.java-1.9.0-win32-x64\jre\17.0.3-win32-x86_64\bin\management.dll
0x00007ffcf1790000 - 0x00007ffcf179b000 	C:\Users\MND PC\.vscode\extensions\redhat.java-1.9.0-win32-x64\jre\17.0.3-win32-x86_64\bin\management_ext.dll
0x00007ffcff100000 - 0x00007ffcff117000 	C:\WINDOWS\system32\napinsp.dll
0x00007ffcfdcb0000 - 0x00007ffcfdccb000 	C:\WINDOWS\system32\pnrpnsp.dll
0x00007ffd09740000 - 0x00007ffd09755000 	C:\WINDOWS\system32\wshbth.dll
0x00007ffd0a910000 - 0x00007ffd0a92d000 	C:\WINDOWS\system32\NLAapi.dll
0x00007ffd0e2b0000 - 0x00007ffd0e2eb000 	C:\WINDOWS\SYSTEM32\IPHLPAPI.DLL
0x00007ffd0e2f0000 - 0x00007ffd0e3ba000 	C:\WINDOWS\SYSTEM32\DNSAPI.dll
0x00007ffd0f810000 - 0x00007ffd0f818000 	C:\WINDOWS\System32\NSI.dll
0x00007ffcfdb00000 - 0x00007ffcfdb12000 	C:\WINDOWS\System32\winrnr.dll
0x00007ffd06860000 - 0x00007ffd0686a000 	C:\Windows\System32\rasadhlp.dll
0x00007ffcff970000 - 0x00007ffcff9f0000 	C:\WINDOWS\System32\fwpuclnt.dll
0x00007ffd0f530000 - 0x00007ffd0f557000 	C:\WINDOWS\System32\bcrypt.dll
0x00007ffd0e7b0000 - 0x00007ffd0e7c8000 	C:\WINDOWS\SYSTEM32\CRYPTSP.dll
0x00007ffd0df40000 - 0x00007ffd0df74000 	C:\WINDOWS\system32\rsaenh.dll
0x00007ffd0edd0000 - 0x00007ffd0edfe000 	C:\WINDOWS\SYSTEM32\USERENV.dll
0x00007ffd0e7d0000 - 0x00007ffd0e7dc000 	C:\WINDOWS\SYSTEM32\CRYPTBASE.dll
0x00007ffd040b0000 - 0x00007ffd040c7000 	C:\WINDOWS\SYSTEM32\dhcpcsvc6.DLL
0x00007ffd050f0000 - 0x00007ffd0510d000 	C:\WINDOWS\SYSTEM32\dhcpcsvc.DLL

dbghelp: loaded successfully - version: 4.0.5 - missing functions: none
symbol engine: initialized successfully - sym options: 0x614 - pdb path: .;c:\Users\MND PC\.vscode\extensions\redhat.java-1.9.0-win32-x64\jre\17.0.3-win32-x86_64\bin;C:\WINDOWS\SYSTEM32;C:\WINDOWS\WinSxS\amd64_microsoft.windows.common-controls_6595b64144ccf1df_6.0.19041.1110_none_60b5254171f9507e;c:\Users\MND PC\.vscode\extensions\redhat.java-1.9.0-win32-x64\jre\17.0.3-win32-x86_64\bin\server

VM Arguments:
jvm_args: -Dsts.lsp.client=vscode -Dsts.log.file=/dev/null -XX:TieredStopAtLevel=1 -Dspring.config.location=file:c:\Users\MND PC\.vscode\extensions\pivotal.vscode-spring-boot-1.38.0\language-server\BOOT-INF\classes\application.properties 
java_command: org.springframework.ide.vscode.boot.app.BootLanguageServerBootApp
java_class_path (initial): c:\Users\MND PC\.vscode\extensions\pivotal.vscode-spring-boot-1.38.0\language-server\BOOT-INF\classes;c:\Users\MND PC\.vscode\extensions\pivotal.vscode-spring-boot-1.38.0\language-server\BOOT-INF\lib\annotations-23.0.0.jar;c:\Users\MND PC\.vscode\extensions\pivotal.vscode-spring-boot-1.38.0\language-server\BOOT-INF\lib\antlr-runtime-3.5.2.jar;c:\Users\MND PC\.vscode\extensions\pivotal.vscode-spring-boot-1.38.0\language-server\BOOT-INF\lib\antlr4-4.9.3.jar;c:\Users\MND PC\.vscode\extensions\pivotal.vscode-spring-boot-1.38.0\language-server\BOOT-INF\lib\antlr4-runtime-4.9.3.jar;c:\Users\MND PC\.vscode\extensions\pivotal.vscode-spring-boot-1.38.0\language-server\BOOT-INF\lib\asm-9.3.jar;c:\Users\MND PC\.vscode\extensions\pivotal.vscode-spring-boot-1.38.0\language-server\BOOT-INF\lib\asm-analysis-9.3.jar;c:\Users\MND PC\.vscode\extensions\pivotal.vscode-spring-boot-1.38.0\language-server\BOOT-INF\lib\asm-tree-9.3.jar;c:\Users\MND PC\.vscode\extensions\pivotal.vscode-spring-boot-1.38.0\language-server\BOOT-INF\lib\asm-util-9.3.jar;c:\Users\MND PC\.vscode\extensions\pivotal.vscode-spring-boot-1.38.0\language-server\BOOT-INF\lib\byte-buddy-1.10.18.jar;c:\Users\MND PC\.vscode\extensions\pivotal.vscode-spring-boot-1.38.0\language-server\BOOT-INF\lib\caffeine-2.8.6.jar;c:\Users\MND PC\.vscode\extensions\pivotal.vscode-spring-boot-1.38.0\language-server\BOOT-INF\lib\checker-qual-3.12.0.jar;c:\Users\MND PC\.vscode\extensions\pivotal.vscode-spring-boot-1.38.0\language-server\BOOT-INF\lib\classgraph-4.8.149.jar;c:\Users\MND PC\.vscode\extensions\pivotal.vscode-spring-boot-1.38.0\language-server\BOOT-INF\lib\commons-codec-1.14.jar;c:\Users\MND PC\.vscode\extensions\pivotal.vscode-spring-boot-1.38.0\language-server\BOOT-INF\lib\commons-compress-1.21.jar;c:\Users\MND PC\.vscode\extensions\pivotal.vscode-spring-boot-1.38.0\language-server\BOOT-INF\lib\commons-exec-1.3.jar;c:\Users\MND PC\.vscode\extensions\pivotal.vscode-spring-boot-1.38.0\language-server
Launcher Type: SUN_STANDARD

[Global flags]
     intx CICompilerCount                          = 3                                         {product} {ergonomic}
     uint ConcGCThreads                            = 1                                         {product} {ergonomic}
     uint G1ConcRefinementThreads                  = 4                                         {product} {ergonomic}
   size_t G1HeapRegionSize                         = 1048576                                   {product} {ergonomic}
    uintx GCDrainStackTargetSize                   = 64                                        {product} {ergonomic}
   size_t InitialHeapSize                          = 134217728                                 {product} {ergonomic}
   size_t MarkStackSize                            = 4194304                                   {product} {ergonomic}
   size_t MaxHeapSize                              = 2118123520                                {product} {ergonomic}
   size_t MaxNewSize                               = 1270874112                                {product} {ergonomic}
   size_t MinHeapDeltaBytes                        = 1048576                                   {product} {ergonomic}
   size_t MinHeapSize                              = 8388608                                   {product} {ergonomic}
    uintx NonProfiledCodeHeapSize                  = 0                                      {pd product} {ergonomic}
     bool ProfileInterpreter                       = false                                  {pd product} {command line}
    uintx ProfiledCodeHeapSize                     = 0                                      {pd product} {ergonomic}
   size_t SoftMaxHeapSize                          = 2118123520                             {manageable} {ergonomic}
     intx TieredStopAtLevel                        = 1                                         {product} {command line}
     bool UseCompressedClassPointers               = true                           {product lp64_product} {ergonomic}
     bool UseCompressedOops                        = true                           {product lp64_product} {ergonomic}
     bool UseG1GC                                  = true                                      {product} {ergonomic}
     bool UseLargePagesIndividualAllocation        = false                                  {pd product} {ergonomic}

Logging:
Log output configuration:
 #0: stdout all=warning uptime,level,tags
 #1: stderr all=off uptime,level,tags

Environment Variables:
JAVA_HOME=C:\jdk
PATH=C:\Program Files (x86)\Common Files\Oracle\Java\javapath;C:\WINDOWS\system32;C:\WINDOWS;C:\WINDOWS\System32\Wbem;C:\WINDOWS\System32\WindowsPowerShell\v1.0\;C:\WINDOWS\System32\OpenSSH\;C:\ProgramData\apache-maven-3.6.3\bin;C:\Users\MND PC\AppData\Local\Microsoft\WindowsApps;D:\Microsoft VS Code\bin;;D:\IntelliJ IDEA 2021.1.3\bin;
USERNAME=MND PC
OS=Windows_NT
PROCESSOR_IDENTIFIER=Intel64 Family 6 Model 58 Stepping 9, GenuineIntel



---------------  S Y S T E M  ---------------

OS:
 Windows 10 , 64 bit Build 19041 (10.0.19041.1889)
OS uptime: 1 days 5:10 hours

CPU: total 4 (initial active 4) (2 cores per cpu, 2 threads per core) family 6 model 58 stepping 9 microcode 0x21, cx8, cmov, fxsr, ht, mmx, sse, sse2, sse3, ssse3, sse4.1, sse4.2, popcnt, tsc, tscinvbit, avx, aes, erms, clmul, vzeroupper, clflush

Memory: 4k page, system-wide physical 8077M (161M free)
TotalPageFile size 16269M (AvailPageFile size 14M)
current process WorkingSet (physical memory assigned to process): 84M, peak: 533M
current process commit charge ("private bytes"): 213M, peak: 578M

vm_info: OpenJDK 64-Bit Server VM (17.0.3+7) for windows-amd64 JRE (17.0.3+7), built on Apr 19 2022 16:55:35 by "" with MS VC++ 16.7 (VS2019)

END.
